<?xml version="1.0" encoding="UTF-8"?>
<!-- Generated by org.testng.reporters.JUnitXMLReporter -->
<testsuite hostname="ROUGUI" failures="0" tests="2" name="Default test" time="0.06" errors="0" timestamp="23 Dec 2021 14:10:34 GMT">
  <testcase classname="com.test.selenium.testCase.ExerciceTestCase" name="@BeforeTest setup" time="0.0">
    <failure type="org.testng.TestNGException" message="
Parameter &amp;apos;navigateur&amp;apos; is required by @Configuration on method setup but has not been marked @Optional or defined
in C:\Users\ROUGUI\AppData\Local\Temp\testng-eclipse--1961587374\testng-customsuite.xml">
      <![CDATA[org.testng.TestNGException: 
Parameter 'navigateur' is required by @Configuration on method setup but has not been marked @Optional or defined
in C:\Users\ROUGUI\AppData\Local\Temp\testng-eclipse--1961587374\testng-customsuite.xml
	at org.testng.internal.Parameters.createParameters(Parameters.java:154)
	at org.testng.internal.Parameters.createParameters(Parameters.java:361)
	at org.testng.internal.Parameters.createConfigurationParameters(Parameters.java:84)
	at org.testng.internal.Invoker.invokeConfigurations(Invoker.java:197)
	at org.testng.internal.Invoker.invokeConfigurations(Invoker.java:138)
	at org.testng.TestRunner.beforeRun(TestRunner.java:648)
	at org.testng.TestRunner.run(TestRunner.java:616)
	at org.testng.SuiteRunner.runTest(SuiteRunner.java:359)
	at org.testng.SuiteRunner.runSequentially(SuiteRunner.java:354)
	at org.testng.SuiteRunner.privateRun(SuiteRunner.java:312)
	at org.testng.SuiteRunner.run(SuiteRunner.java:261)
	at org.testng.SuiteRunnerWorker.runSuite(SuiteRunnerWorker.java:52)
	at org.testng.SuiteRunnerWorker.run(SuiteRunnerWorker.java:86)
	at org.testng.TestNG.runSuitesSequentially(TestNG.java:1215)
	at org.testng.TestNG.runSuitesLocally(TestNG.java:1140)
	at org.testng.TestNG.run(TestNG.java:1048)
	at org.testng.remote.AbstractRemoteTestNG.run(AbstractRemoteTestNG.java:115)
	at org.testng.remote.RemoteTestNG.initAndRun(RemoteTestNG.java:251)
	at org.testng.remote.RemoteTestNG.main(RemoteTestNG.java:77)
]]>
    </failure>
  </testcase> <!-- @BeforeTest setup -->
  <testcase classname="com.test.selenium.testCase.ExerciceTestCase" name="@AfterTest browserClose" time="0.0">
    <skipped/>
  </testcase> <!-- @AfterTest browserClose -->
  <testcase classname="com.test.selenium.testCase.ExerciceTestCase" name="accueil" time="0.007">
    <skipped/>
  </testcase> <!-- accueil -->
  <testcase classname="com.test.selenium.testCase.ExerciceTestCase" name="exercice_1" time="0.0">
    <skipped/>
  </testcase> <!-- exercice_1 -->
</testsuite> <!-- Default test -->
